<?xml version="1.0" encoding="UTF-8"?>
<testng-results ignored="0" total="1" passed="0" failed="1" skipped="0">
  <reporter-output>
  </reporter-output>
  <suite started-at="2020-03-02T15:00:43 IST" name="Default suite" finished-at="2020-03-02T15:01:00 IST" duration-ms="17158">
    <groups>
    </groups>
    <test started-at="2020-03-02T15:00:43 IST" name="Default test" finished-at="2020-03-02T15:01:00 IST" duration-ms="17158">
      <class name="testng.EbayLogin">
        <test-method signature="ebayLandingPage()[pri:0, instance:testng.EbayLogin@b3ca52e]" started-at="2020-03-02T15:00:43 IST" name="ebayLandingPage" finished-at="2020-03-02T15:01:00 IST" duration-ms="17120" status="FAIL">
          <exception class="org.openqa.selenium.SessionNotCreatedException">
            <message>
              <![CDATA[session not created
from chrome not reachable
  (Session info: chrome=80.0.3987.122)
Build info: version: '3.141.59', revision: 'e82be7d358', time: '2018-11-14T08:17:03'
System info: host: 'LAPTOP-7I9RG3P0', ip: '192.168.0.107', os.name: 'Windows 10', os.arch: 'amd64', os.version: '10.0', java.version: '12.0.1'
Driver info: driver.version: ChromeDriver
remote stacktrace: Backtrace:
Ordinal0 [0x00B6A113+1548563]
Ordinal0 [0x00AEDDA1+1039777]
Ordinal0 [0x00A6E32E+516910]
Ordinal0 [0x00A68012+491538]
Ordinal0 [0x00A686EB+493291]
Ordinal0 [0x00A69855+497749]
Ordinal0 [0x00A65885+481413]
Ordinal0 [0x00A6F0D0+520400]
Ordinal0 [0x00A1C030+180272]
Ordinal0 [0x00A1B59D+177565]
Ordinal0 [0x00A195FB+169467]
Ordinal0 [0x00A0160A+71178]
Ordinal0 [0x00A02690+75408]
Ordinal0 [0x00A02629+75305]
Ordinal0 [0x00B071B7+1143223]
GetHandleVerifier [0x00C02B46+507814]
GetHandleVerifier [0x00C02864+507076]
GetHandleVerifier [0x00C09F47+537511]
GetHandleVerifier [0x00C03402+510050]
Ordinal0 [0x00AFF29C+1110684]
Ordinal0 [0x00B0938B+1151883]
Ordinal0 [0x00B094F3+1152243]
Ordinal0 [0x00B083F5+1147893]
BaseThreadInitThunk [0x76B46359+25]
RtlGetAppContainerNamedObjectPath [0x77BC7B74+228]
RtlGetAppContainerNamedObjectPath [0x77BC7B44+180]
]]>
            </message>
            <full-stacktrace>
              <![CDATA[org.openqa.selenium.SessionNotCreatedException: session not created
from chrome not reachable
  (Session info: chrome=80.0.3987.122)
Build info: version: '3.141.59', revision: 'e82be7d358', time: '2018-11-14T08:17:03'
System info: host: 'LAPTOP-7I9RG3P0', ip: '192.168.0.107', os.name: 'Windows 10', os.arch: 'amd64', os.version: '10.0', java.version: '12.0.1'
Driver info: driver.version: ChromeDriver
remote stacktrace: Backtrace:
Ordinal0 [0x00B6A113+1548563]
Ordinal0 [0x00AEDDA1+1039777]
Ordinal0 [0x00A6E32E+516910]
Ordinal0 [0x00A68012+491538]
Ordinal0 [0x00A686EB+493291]
Ordinal0 [0x00A69855+497749]
Ordinal0 [0x00A65885+481413]
Ordinal0 [0x00A6F0D0+520400]
Ordinal0 [0x00A1C030+180272]
Ordinal0 [0x00A1B59D+177565]
Ordinal0 [0x00A195FB+169467]
Ordinal0 [0x00A0160A+71178]
Ordinal0 [0x00A02690+75408]
Ordinal0 [0x00A02629+75305]
Ordinal0 [0x00B071B7+1143223]
GetHandleVerifier [0x00C02B46+507814]
GetHandleVerifier [0x00C02864+507076]
GetHandleVerifier [0x00C09F47+537511]
GetHandleVerifier [0x00C03402+510050]
Ordinal0 [0x00AFF29C+1110684]
Ordinal0 [0x00B0938B+1151883]
Ordinal0 [0x00B094F3+1152243]
Ordinal0 [0x00B083F5+1147893]
BaseThreadInitThunk [0x76B46359+25]
RtlGetAppContainerNamedObjectPath [0x77BC7B74+228]
RtlGetAppContainerNamedObjectPath [0x77BC7B44+180]

at java.base/jdk.internal.reflect.NativeConstructorAccessorImpl.newInstance0(Native Method)
at java.base/jdk.internal.reflect.NativeConstructorAccessorImpl.newInstance(NativeConstructorAccessorImpl.java:62)
at java.base/jdk.internal.reflect.DelegatingConstructorAccessorImpl.newInstance(DelegatingConstructorAccessorImpl.java:45)
at java.base/java.lang.reflect.Constructor.newInstanceWithCaller(Constructor.java:500)
at java.base/java.lang.reflect.Constructor.newInstance(Constructor.java:481)
at org.openqa.selenium.remote.W3CHandshakeResponse.lambda$errorHandler$0(W3CHandshakeResponse.java:62)
at org.openqa.selenium.remote.HandshakeResponse.lambda$getResponseFunction$0(HandshakeResponse.java:30)
at org.openqa.selenium.remote.ProtocolHandshake.lambda$createSession$0(ProtocolHandshake.java:126)
at java.base/java.util.stream.ReferencePipeline$3$1.accept(ReferencePipeline.java:195)
at java.base/java.util.Spliterators$ArraySpliterator.tryAdvance(Spliterators.java:958)
at java.base/java.util.stream.ReferencePipeline.forEachWithCancel(ReferencePipeline.java:127)
at java.base/java.util.stream.AbstractPipeline.copyIntoWithCancel(AbstractPipeline.java:502)
at java.base/java.util.stream.AbstractPipeline.copyInto(AbstractPipeline.java:488)
at java.base/java.util.stream.AbstractPipeline.wrapAndCopyInto(AbstractPipeline.java:474)
at java.base/java.util.stream.FindOps$FindOp.evaluateSequential(FindOps.java:150)
at java.base/java.util.stream.AbstractPipeline.evaluate(AbstractPipeline.java:234)
at java.base/java.util.stream.ReferencePipeline.findFirst(ReferencePipeline.java:543)
at org.openqa.selenium.remote.ProtocolHandshake.createSession(ProtocolHandshake.java:128)
at org.openqa.selenium.remote.ProtocolHandshake.createSession(ProtocolHandshake.java:74)
at org.openqa.selenium.remote.HttpCommandExecutor.execute(HttpCommandExecutor.java:136)
at org.openqa.selenium.remote.service.DriverCommandExecutor.execute(DriverCommandExecutor.java:83)
at org.openqa.selenium.remote.RemoteWebDriver.execute(RemoteWebDriver.java:552)
at org.openqa.selenium.remote.RemoteWebDriver.startSession(RemoteWebDriver.java:213)
at org.openqa.selenium.remote.RemoteWebDriver.<init>(RemoteWebDriver.java:131)
at org.openqa.selenium.chrome.ChromeDriver.<init>(ChromeDriver.java:181)
at org.openqa.selenium.chrome.ChromeDriver.<init>(ChromeDriver.java:168)
at org.openqa.selenium.chrome.ChromeDriver.<init>(ChromeDriver.java:123)
at testng.EbayLogin.ebayLandingPage(EbayLogin.java:28)
at java.base/jdk.internal.reflect.NativeMethodAccessorImpl.invoke0(Native Method)
at java.base/jdk.internal.reflect.NativeMethodAccessorImpl.invoke(NativeMethodAccessorImpl.java:62)
at java.base/jdk.internal.reflect.DelegatingMethodAccessorImpl.invoke(DelegatingMethodAccessorImpl.java:43)
at java.base/java.lang.reflect.Method.invoke(Method.java:567)
at org.testng.internal.MethodInvocationHelper.invokeMethod(MethodInvocationHelper.java:133)
at org.testng.internal.TestInvoker.invokeMethod(TestInvoker.java:584)
at org.testng.internal.TestInvoker.invokeTestMethod(TestInvoker.java:172)
at org.testng.internal.MethodRunner.runInSequence(MethodRunner.java:46)
at org.testng.internal.TestInvoker$MethodInvocationAgent.invoke(TestInvoker.java:804)
at org.testng.internal.TestInvoker.invokeTestMethods(TestInvoker.java:145)
at org.testng.internal.TestMethodWorker.invokeTestMethods(TestMethodWorker.java:146)
at org.testng.internal.TestMethodWorker.run(TestMethodWorker.java:128)
at java.base/java.util.ArrayList.forEach(ArrayList.java:1540)
at org.testng.TestRunner.privateRun(TestRunner.java:770)
at org.testng.TestRunner.run(TestRunner.java:591)
at org.testng.SuiteRunner.runTest(SuiteRunner.java:402)
at org.testng.SuiteRunner.runSequentially(SuiteRunner.java:396)
at org.testng.SuiteRunner.privateRun(SuiteRunner.java:355)
at org.testng.SuiteRunner.run(SuiteRunner.java:304)
at org.testng.SuiteRunnerWorker.runSuite(SuiteRunnerWorker.java:53)
at org.testng.SuiteRunnerWorker.run(SuiteRunnerWorker.java:96)
at org.testng.TestNG.runSuitesSequentially(TestNG.java:1180)
at org.testng.TestNG.runSuitesLocally(TestNG.java:1102)
at org.testng.TestNG.runSuites(TestNG.java:1032)
at org.testng.TestNG.run(TestNG.java:1000)
at org.testng.remote.AbstractRemoteTestNG.run(AbstractRemoteTestNG.java:115)
at org.testng.remote.RemoteTestNG.initAndRun(RemoteTestNG.java:251)
at org.testng.remote.RemoteTestNG.main(RemoteTestNG.java:77)
]]>
            </full-stacktrace>
          </exception> <!-- org.openqa.selenium.SessionNotCreatedException -->
          <reporter-output>
          </reporter-output>
        </test-method> <!-- ebayLandingPage -->
      </class> <!-- testng.EbayLogin -->
    </test> <!-- Default test -->
  </suite> <!-- Default suite -->
</testng-results>
